<?xml version="1.0" encoding="UTF-8"?>
<!-- Generated by org.testng.reporters.JUnitReportReporter -->
<testsuite hostname="Vishwass-MacBook-Air.local" name="keywordutilities.TestDriver" tests="2" failures="1" timestamp="10 Apr 2015 16:23:01 GMT" time="35.130" errors="0">
  <testcase name="test" time="35.129" classname="keywordutilities.TestDriver"/>
  <testcase name="test" time="0.001" classname="keywordutilities.TestDriver">
    <failure type="org.testng.SkipException" message="Skipping this test as Enables == false">
      <![CDATA[org.testng.SkipException: Skipping this test as Enables == false
	at keywordutilities.TestDriver.test(TestDriver.java:95)
	at sun.reflect.NativeMethodAccessorImpl.invoke0(Native Method)
	at sun.reflect.NativeMethodAccessorImpl.invoke(NativeMethodAccessorImpl.java:39)
	at sun.reflect.DelegatingMethodAccessorImpl.invoke(DelegatingMethodAccessorImpl.java:25)
	at java.lang.reflect.Method.invoke(Method.java:597)
	at org.testng.internal.MethodInvocationHelper.invokeMethod(MethodInvocationHelper.java:84)
	at org.testng.internal.Invoker.invokeMethod(Invoker.java:714)
	at org.testng.internal.Invoker.invokeTestMethod(Invoker.java:901)
	at org.testng.internal.Invoker.invokeTestMethods(Invoker.java:1231)
	at org.testng.internal.TestMethodWorker.invokeTestMethods(TestMethodWorker.java:127)
	at org.testng.internal.TestMethodWorker.run(TestMethodWorker.java:111)
	at java.util.concurrent.ThreadPoolExecutor$Worker.runTask(ThreadPoolExecutor.java:895)
	at java.util.concurrent.ThreadPoolExecutor$Worker.run(ThreadPoolExecutor.java:918)
	at java.lang.Thread.run(Thread.java:695)
]]>
    </failure>
  </testcase> <!-- test -->
</testsuite> <!-- keywordutilities.TestDriver -->
