<?xml version="1.0" encoding="UTF-8"?>
<!-- Generated by org.testng.reporters.JUnitReportReporter -->
<testsuite hostname="vish-PC" name="keywordutilities.TestDriver" tests="1" failures="0" timestamp="17 Dec 2014 19:18:42 GMT" time="7.135" errors="0">
  <testcase name="test" time="7.135" classname="keywordutilities.TestDriver"/>
</testsuite> <!-- keywordutilities.TestDriver -->
