<?xml version="1.0" encoding="UTF-8"?>
<!-- Generated by org.testng.reporters.JUnitReportReporter -->
<testsuite hostname="Vishwass-MacBook-Air.local" name="keywordutilities.TestDriver" tests="2" failures="1" timestamp="19 Apr 2015 10:18:13 GMT" time="124.658" errors="0">
  <testcase name="test" time="57.848" classname="keywordutilities.TestDriver"/>
  <testcase name="test" time="66.810" classname="keywordutilities.TestDriver">
    <failure type="junit.framework.AssertionFailedError" message="Check excel for errors java.lang.reflect.InvocationTargetException">
      <![CDATA[junit.framework.AssertionFailedError: Check excel for errors java.lang.reflect.InvocationTargetException
	at junit.framework.Assert.fail(Assert.java:47)
	at keywordutilities.KeywordLauncher.executeIndexNull(KeywordLauncher.java:119)
	at keywordutilities.KeywordLauncher.execute(KeywordLauncher.java:81)
	at keywordutilities.KeywordLauncher.set(KeywordLauncher.java:71)
	at keywordutilities.KeywordLauncher.<init>(KeywordLauncher.java:34)
	at keywordutilities.TestDriver.test(TestDriver.java:70)
	at sun.reflect.NativeMethodAccessorImpl.invoke0(Native Method)
	at sun.reflect.NativeMethodAccessorImpl.invoke(NativeMethodAccessorImpl.java:39)
	at sun.reflect.DelegatingMethodAccessorImpl.invoke(DelegatingMethodAccessorImpl.java:25)
	at java.lang.reflect.Method.invoke(Method.java:597)
	at org.testng.internal.MethodInvocationHelper.invokeMethod(MethodInvocationHelper.java:84)
	at org.testng.internal.Invoker.invokeMethod(Invoker.java:714)
	at org.testng.internal.Invoker.invokeTestMethod(Invoker.java:901)
	at org.testng.internal.Invoker.invokeTestMethods(Invoker.java:1231)
	at org.testng.internal.TestMethodWorker.invokeTestMethods(TestMethodWorker.java:127)
	at org.testng.internal.TestMethodWorker.run(TestMethodWorker.java:111)
	at java.util.concurrent.ThreadPoolExecutor$Worker.runTask(ThreadPoolExecutor.java:895)
	at java.util.concurrent.ThreadPoolExecutor$Worker.run(ThreadPoolExecutor.java:918)
	at java.lang.Thread.run(Thread.java:695)
]]>
    </failure>
  </testcase> <!-- test -->
</testsuite> <!-- keywordutilities.TestDriver -->
